Found 7191 images belonging to 9 classes.
Found 1809 images belonging to 9 classes.
Epoch 1/10

   1/8000 [..............................] - ETA: 8:15:39 - loss: 2.4708 - acc: 0.1562
   2/8000 [..............................] - ETA: 7:16:27 - loss: 2.5156 - acc: 0.1250
   3/8000 [..............................] - ETA: 7:33:18 - loss: 2.5902 - acc: 0.1562
   4/8000 [..............................] - ETA: 7:26:00 - loss: 2.6021 - acc: 0.1406
   5/8000 [..............................] - ETA: 7:52:58 - loss: 2.5387 - acc: 0.1500
   6/8000 [..............................] - ETA: 12:02:58 - loss: 2.4492 - acc: 0.1667
   7/8000 [..............................] - ETA: 19:35:06 - loss: 2.5470 - acc: 0.1607
   8/8000 [..............................] - ETA: 25:10:15 - loss: 2.5526 - acc: 0.1602
   9/8000 [..............................] - ETA: 29:29:05 - loss: 2.5251 - acc: 0.1597
  10/8000 [..............................] - ETA: 33:49:13 - loss: 2.5043 - acc: 0.1688
  11/8000 [..............................] - ETA: 37:46:19 - loss: 2.5198 - acc: 0.1619
  12/8000 [..............................] - ETA: 39:14:08 - loss: 2.5153 - acc: 0.1615
  13/8000 [..............................] - ETA: 38:08:26 - loss: 2.5156 - acc: 0.1683
  14/8000 [..............................] - ETA: 35:47:48 - loss: 2.5138 - acc: 0.1629
  15/8000 [..............................] - ETA: 33:50:19 - loss: 2.4966 - acc: 0.1750
  16/8000 [..............................] - ETA: 32:15:13 - loss: 2.4779 - acc: 0.1738
  17/8000 [..............................] - ETA: 31:54:14 - loss: 2.4807 - acc: 0.1746
  18/8000 [..............................] - ETA: 33:11:51 - loss: 2.4665 - acc: 0.1753
  19/8000 [..............................] - ETA: 34:24:49 - loss: 2.4507 - acc: 0.1760
  20/8000 [..............................] - ETA: 35:29:26 - loss: 2.4211 - acc: 0.1828
  21/8000 [..............................] - ETA: 36:31:29 - loss: 2.4084 - acc: 0.1830
  22/8000 [..............................] - ETA: 37:23:08 - loss: 2.4051 - acc: 0.1790
  23/8000 [..............................] - ETA: 38:18:25 - loss: 2.3945 - acc: 0.1793
  24/8000 [..............................] - ETA: 39:03:51 - loss: 2.3751 - acc: 0.1836
  25/8000 [..............................] - ETA: 39:50:52 - loss: 2.3641 - acc: 0.1837
  26/8000 [..............................] - ETA: 40:30:49 - loss: 2.3679 - acc: 0.1839
  27/8000 [..............................] - ETA: 41:05:05 - loss: 2.3611 - acc: 0.1852
  28/8000 [..............................] - ETA: 41:39:40 - loss: 2.3610 - acc: 0.1830
  29/8000 [..............................] - ETA: 42:12:22 - loss: 2.3617 - acc: 0.1832
  30/8000 [..............................] - ETA: 42:40:09 - loss: 2.3553 - acc: 0.1865
  31/8000 [..............................] - ETA: 43:08:44 - loss: 2.3572 - acc: 0.1855
  32/8000 [..............................] - ETA: 43:33:37 - loss: 2.3503 - acc: 0.1846
  33/8000 [..............................] - ETA: 43:56:28 - loss: 2.3465 - acc: 0.1837
  34/8000 [..............................] - ETA: 44:16:38 - loss: 2.3369 - acc: 0.1893
  35/8000 [..............................] - ETA: 44:37:48 - loss: 2.3317 - acc: 0.1884
  36/8000 [..............................] - ETA: 44:57:23 - loss: 2.3239 - acc: 0.1918
  37/8000 [..............................] - ETA: 45:19:30 - loss: 2.3237 - acc: 0.1917
  38/8000 [..............................] - ETA: 45:36:00 - loss: 2.3276 - acc: 0.1933
  39/8000 [..............................] - ETA: 46:33:19 - loss: 2.3228 - acc: 0.1923
  40/8000 [..............................] - ETA: 46:48:18 - loss: 2.3127 - acc: 0.1930
  41/8000 [..............................] - ETA: 47:02:11 - loss: 2.3008 - acc: 0.1936
  42/8000 [..............................] - ETA: 47:15:45 - loss: 2.3036 - acc: 0.1920
  43/8000 [..............................] - ETA: 47:29:00 - loss: 2.3026 - acc: 0.1940
  44/8000 [..............................] - ETA: 47:40:32 - loss: 2.3058 - acc: 0.1925
  45/8000 [..............................] - ETA: 47:52:48 - loss: 2.3069 - acc: 0.1917
  46/8000 [..............................] - ETA: 48:03:14 - loss: 2.3034 - acc: 0.1936
  47/8000 [..............................] - ETA: 48:13:00 - loss: 2.2981 - acc: 0.1922
  48/8000 [..............................] - ETA: 48:27:56 - loss: 2.2940 - acc: 0.1914
  49/8000 [..............................] - ETA: 48:38:11 - loss: 2.2910 - acc: 0.1926
  50/8000 [..............................] - ETA: 48:46:40 - loss: 2.2878 - acc: 0.1913
  51/8000 [..............................] - ETA: 48:36:56 - loss: 2.2834 - acc: 0.1918
  52/8000 [..............................] - ETA: 47:46:44 - loss: 2.2792 - acc: 0.1935
  53/8000 [..............................] - ETA: 46:59:15 - loss: 2.2797 - acc: 0.1922
  54/8000 [..............................] - ETA: 46:15:27 - loss: 2.2793 - acc: 0.1921
  55/8000 [..............................] - ETA: 45:40:52 - loss: 2.2745 - acc: 0.1938
  56/8000 [..............................] - ETA: 45:52:25 - loss: 2.2747 - acc: 0.1925
  57/8000 [..............................] - ETA: 46:02:32 - loss: 2.2693 - acc: 0.1935
  58/8000 [..............................] - ETA: 46:14:09 - loss: 2.2634 - acc: 0.1945
  59/8000 [..............................] - ETA: 46:24:42 - loss: 2.2613 - acc: 0.1944
  60/8000 [..............................] - ETA: 46:33:21 - loss: 2.2576 - acc: 0.1958
  61/8000 [..............................] - ETA: 46:43:38 - loss: 2.2549 - acc: 0.1977
  62/8000 [..............................] - ETA: 46:52:45 - loss: 2.2512 - acc: 0.1981
  63/8000 [..............................] - ETA: 47:01:28 - loss: 2.2480 - acc: 0.2019
  64/8000 [..............................] - ETA: 47:10:54 - loss: 2.2454 - acc: 0.2031
  65/8000 [..............................] - ETA: 47:16:55 - loss: 2.2415 - acc: 0.2043
  66/8000 [..............................] - ETA: 47:24:58 - loss: 2.2368 - acc: 0.2050
  67/8000 [..............................] - ETA: 47:32:00 - loss: 2.2333 - acc: 0.2048
  68/8000 [..............................] - ETA: 47:37:19 - loss: 2.2322 - acc: 0.2040
  69/8000 [..............................] - ETA: 47:44:27 - loss: 2.2278 - acc: 0.2043
  70/8000 [..............................] - ETA: 47:49:57 - loss: 2.2240 - acc: 0.2062
  71/8000 [..............................] - ETA: 47:56:40 - loss: 2.2213 - acc: 0.2069
  72/8000 [..............................] - ETA: 48:01:42 - loss: 2.2197 - acc: 0.2066
  73/8000 [..............................] - ETA: 48:07:26 - loss: 2.2167 - acc: 0.2093
  74/8000 [..............................] - ETA: 48:13:23 - loss: 2.2145 - acc: 0.2090
  75/8000 [..............................] - ETA: 48:18:55 - loss: 2.2161 - acc: 0.2087
  76/8000 [..............................] - ETA: 48:23:06 - loss: 2.2139 - acc: 0.2105
  77/8000 [..............................] - ETA: 48:27:58 - loss: 2.2104 - acc: 0.2114
  78/8000 [..............................] - ETA: 48:32:44 - loss: 2.2058 - acc: 0.2123
  79/8000 [..............................] - ETA: 48:37:21 - loss: 2.2049 - acc: 0.2132
  80/8000 [..............................] - ETA: 48:41:36 - loss: 2.2037 - acc: 0.2137
  81/8000 [..............................] - ETA: 48:46:09 - loss: 2.2003 - acc: 0.2149
  82/8000 [..............................] - ETA: 48:50:35 - loss: 2.2047 - acc: 0.2149
  83/8000 [..............................] - ETA: 48:54:22 - loss: 2.2074 - acc: 0.2157
  84/8000 [..............................] - ETA: 48:57:09 - loss: 2.2054 - acc: 0.2173
  85/8000 [..............................] - ETA: 49:02:01 - loss: 2.2022 - acc: 0.2188
  86/8000 [..............................] - ETA: 49:05:27 - loss: 2.2029 - acc: 0.2184
  87/8000 [..............................] - ETA: 49:09:39 - loss: 2.2007 - acc: 0.2195
  88/8000 [..............................] - ETA: 49:12:44 - loss: 2.1988 - acc: 0.2191
  89/8000 [..............................] - ETA: 49:15:48 - loss: 2.1959 - acc: 0.2180
  90/8000 [..............................] - ETA: 49:19:50 - loss: 2.1936 - acc: 0.2177
  91/8000 [..............................] - ETA: 48:52:21 - loss: 2.1933 - acc: 0.2188
  92/8000 [..............................] - ETA: 48:23:30 - loss: 2.1926 - acc: 0.2188
  93/8000 [..............................] - ETA: 47:56:26 - loss: 2.1906 - acc: 0.2191
  94/8000 [..............................] - ETA: 47:31:36 - loss: 2.1901 - acc: 0.2201
  95/8000 [..............................] - ETA: 47:23:23 - loss: 2.1893 - acc: 0.2201
  96/8000 [..............................] - ETA: 47:27:16 - loss: 2.1915 - acc: 0.2201
  97/8000 [..............................] - ETA: 47:21:07 - loss: 2.1934 - acc: 0.2196
  98/8000 [..............................] - ETA: 47:25:44 - loss: 2.1949 - acc: 0.2199
  99/8000 [..............................] - ETA: 47:29:41 - loss: 2.1957 - acc: 0.2192
 100/8000 [..............................] - ETA: 47:33:47 - loss: 2.1936 - acc: 0.2189
 101/8000 [..............................] - ETA: 47:38:03 - loss: 2.1911 - acc: 0.2189
 102/8000 [..............................] - ETA: 47:42:04 - loss: 2.1881 - acc: 0.2189
 103/8000 [..............................] - ETA: 47:45:31 - loss: 2.1877 - acc: 0.2180
 104/8000 [..............................] - ETA: 47:52:58 - loss: 2.1853 - acc: 0.2180
 105/8000 [..............................] - ETA: 47:56:32 - loss: 2.1832 - acc: 0.2174
 106/8000 [..............................] - ETA: 47:59:54 - loss: 2.1816 - acc: 0.2171
 107/8000 [..............................] - ETA: 48:03:05 - loss: 2.1797 - acc: 0.2183
 108/8000 [..............................] - ETA: 48:06:44 - loss: 2.1795 - acc: 0.2183
 109/8000 [..............................] - ETA: 48:09:49 - loss: 2.1814 - acc: 0.2178
 110/8000 [..............................] - ETA: 48:12:48 - loss: 2.1822 - acc: 0.2175
 111/8000 [..............................] - ETA: 48:15:58 - loss: 2.1816 - acc: 0.2172
 112/8000 [..............................] - ETA: 48:19:00 - loss: 2.1799 - acc: 0.2178
 113/8000 [..............................] - ETA: 48:21:53 - loss: 2.1798 - acc: 0.2186
 114/8000 [..............................] - ETA: 48:24:38 - loss: 2.1786 - acc: 0.2181
 115/8000 [..............................] - ETA: 48:27:41 - loss: 2.1767 - acc: 0.2186
 116/8000 [..............................] - ETA: 48:33:32 - loss: 2.1776 - acc: 0.2186
 117/8000 [..............................] - ETA: 48:36:28 - loss: 2.1768 - acc: 0.2181
 118/8000 [..............................] - ETA: 48:39:15 - loss: 2.1783 - acc: 0.2176
 119/8000 [..............................] - ETA: 48:41:29 - loss: 2.1809 - acc: 0.2181
 120/8000 [..............................] - ETA: 48:44:20 - loss: 2.1810 - acc: 0.2184
 121/8000 [..............................] - ETA: 48:46:30 - loss: 2.1792 - acc: 0.2189
 122/8000 [..............................] - ETA: 48:48:51 - loss: 2.1769 - acc: 0.2189
 123/8000 [..............................] - ETA: 48:50:49 - loss: 2.1766 - acc: 0.2181
 124/8000 [..............................] - ETA: 48:53:13 - loss: 2.1752 - acc: 0.2179
 125/8000 [..............................] - ETA: 48:55:16 - loss: 2.1764 - acc: 0.2184
 126/8000 [..............................] - ETA: 48:57:51 - loss: 2.1761 - acc: 0.2181
 127/8000 [..............................] - ETA: 49:00:17 - loss: 2.1755 - acc: 0.2184
 128/8000 [..............................] - ETA: 49:02:06 - loss: 2.1772 - acc: 0.2177
 129/8000 [..............................] - ETA: 49:04:11 - loss: 2.1779 - acc: 0.2169
 130/8000 [..............................] - ETA: 49:06:33 - loss: 2.1765 - acc: 0.2162
 131/8000 [..............................] - ETA: 48:47:45 - loss: 2.1770 - acc: 0.2160
 132/8000 [..............................] - ETA: 48:27:29 - loss: 2.1767 - acc: 0.2160
 133/8000 [..............................] - ETA: 48:08:25 - loss: 2.1762 - acc: 0.2163
 134/8000 [..............................] - ETA: 47:50:42 - loss: 2.1741 - acc: 0.2163
 135/8000 [..............................] - ETA: 47:43:48 - loss: 2.1724 - acc: 0.2163
 136/8000 [..............................] - ETA: 47:46:26 - loss: 2.1727 - acc: 0.2157
 137/8000 [..............................] - ETA: 47:49:05 - loss: 2.1724 - acc: 0.2159
 138/8000 [..............................] - ETA: 47:51:18 - loss: 2.1713 - acc: 0.2166
 139/8000 [..............................] - ETA: 47:53:56 - loss: 2.1710 - acc: 0.2162
 140/8000 [..............................] - ETA: 47:56:25 - loss: 2.1717 - acc: 0.2158
 141/8000 [..............................] - ETA: 47:58:31 - loss: 2.1697 - acc: 0.2164
 142/8000 [..............................] - ETA: 48:00:57 - loss: 2.1686 - acc: 0.2162
 143/8000 [..............................] - ETA: 48:03:45 - loss: 2.1686 - acc: 0.2158
 144/8000 [..............................] - ETA: 48:06:17 - loss: 2.1677 - acc: 0.2163
 145/8000 [..............................] - ETA: 48:08:21 - loss: 2.1659 - acc: 0.2163
 146/8000 [..............................] - ETA: 48:10:42 - loss: 2.1655 - acc: 0.2163
 147/8000 [..............................] - ETA: 48:13:02 - loss: 2.1665 - acc: 0.2165
 148/8000 [..............................] - ETA: 48:14:54 - loss: 2.1657 - acc: 0.2174
 149/8000 [..............................] - ETA: 48:17:07 - loss: 2.1655 - acc: 0.2172
 150/8000 [..............................] - ETA: 48:19:00 - loss: 2.1653 - acc: 0.2172
 151/8000 [..............................] - ETA: 48:21:15 - loss: 2.1641 - acc: 0.2168
 152/8000 [..............................] - ETA: 48:23:13 - loss: 2.1629 - acc: 0.2170
 153/8000 [..............................] - ETA: 48:24:51 - loss: 2.1610 - acc: 0.2180
 154/8000 [..............................] - ETA: 48:26:54 - loss: 2.1613 - acc: 0.2179
 155/8000 [..............................] - ETA: 48:28:45 - loss: 2.1585 - acc: 0.2185
 156/8000 [..............................] - ETA: 48:30:47 - loss: 2.1585 - acc: 0.2185
 157/8000 [..............................] - ETA: 48:32:45 - loss: 2.1576 - acc: 0.2189
 158/8000 [..............................] - ETA: 48:34:13 - loss: 2.1557 - acc: 0.2191
 159/8000 [..............................] - ETA: 48:36:07 - loss: 2.1566 - acc: 0.2191
 160/8000 [..............................] - ETA: 48:37:45 - loss: 2.1562 - acc: 0.2193
 161/8000 [..............................] - ETA: 48:39:39 - loss: 2.1550 - acc: 0.2194
 162/8000 [..............................] - ETA: 48:41:33 - loss: 2.1532 - acc: 0.2200
 163/8000 [..............................] - ETA: 48:43:08 - loss: 2.1519 - acc: 0.2198
 164/8000 [..............................] - ETA: 48:44:38 - loss: 2.1517 - acc: 0.2206
 165/8000 [..............................] - ETA: 48:46:24 - loss: 2.1528 - acc: 0.2206
 166/8000 [..............................] - ETA: 48:47:58 - loss: 2.1518 - acc: 0.2211
 167/8000 [..............................] - ETA: 48:49:13 - loss: 2.1530 - acc: 0.2209
 168/8000 [..............................] - ETA: 48:50:56 - loss: 2.1520 - acc: 0.2209
 169/8000 [..............................] - ETA: 48:52:54 - loss: 2.1511 - acc: 0.2211
 170/8000 [..............................] - ETA: 48:54:07 - loss: 2.1494 - acc: 0.2218
 171/8000 [..............................] - ETA: 48:38:24 - loss: 2.1474 - acc: 0.2225
 172/8000 [..............................] - ETA: 48:22:52 - loss: 2.1468 - acc: 0.2239
 173/8000 [..............................] - ETA: 48:08:11 - loss: 2.1461 - acc: 0.2239
 174/8000 [..............................] - ETA: 47:54:37 - loss: 2.1452 - acc: 0.2246
 175/8000 [..............................] - ETA: 47:50:55 - loss: 2.1444 - acc: 0.2251
 176/8000 [..............................] - ETA: 47:52:12 - loss: 2.1423 - acc: 0.2252
 177/8000 [..............................] - ETA: 47:54:06 - loss: 2.1415 - acc: 0.2257
 178/8000 [..............................] - ETA: 47:55:41 - loss: 2.1411 - acc: 0.2262
 179/8000 [..............................] - ETA: 47:57:32 - loss: 2.1410 - acc: 0.2267
 180/8000 [..............................] - ETA: 47:59:03 - loss: 2.1403 - acc: 0.2268
 181/8000 [..............................] - ETA: 48:00:54 - loss: 2.1402 - acc: 0.2264
 182/8000 [..............................] - ETA: 48:02:15 - loss: 2.1396 - acc: 0.2269
 183/8000 [..............................] - ETA: 48:03:59 - loss: 2.1387 - acc: 0.2269
 184/8000 [..............................] - ETA: 48:05:34 - loss: 2.1375 - acc: 0.2267
 185/8000 [..............................] - ETA: 48:07:10 - loss: 2.1367 - acc: 0.2270
 186/8000 [..............................] - ETA: 48:08:40 - loss: 2.1360 - acc: 0.2274
 187/8000 [..............................] - ETA: 48:10:09 - loss: 2.1351 - acc: 0.2275
 188/8000 [..............................] - ETA: 48:11:40 - loss: 2.1350 - acc: 0.2278
 189/8000 [..............................] - ETA: 48:13:15 - loss: 2.1346 - acc: 0.2283
 190/8000 [..............................] - ETA: 48:14:28 - loss: 2.1336 - acc: 0.2287
 191/8000 [..............................] - ETA: 48:15:53 - loss: 2.1334 - acc: 0.2288
 192/8000 [..............................] - ETA: 48:17:17 - loss: 2.1333 - acc: 0.2286
 193/8000 [..............................] - ETA: 48:18:52 - loss: 2.1329 - acc: 0.2300
 194/8000 [..............................] - ETA: 48:20:30 - loss: 2.1315 - acc: 0.2311
 195/8000 [..............................] - ETA: 48:22:03 - loss: 2.1306 - acc: 0.2313
 196/8000 [..............................] - ETA: 48:23:29 - loss: 2.1307 - acc: 0.2314
 197/8000 [..............................] - ETA: 48:24:40 - loss: 2.1304 - acc: 0.2311
 198/8000 [..............................] - ETA: 48:26:04 - loss: 2.1292 - acc: 0.2319
 199/8000 [..............................] - ETA: 48:27:24 - loss: 2.1290 - acc: 0.2325
 200/8000 [..............................] - ETA: 48:28:23 - loss: 2.1283 - acc: 0.2320
 201/8000 [..............................] - ETA: 48:29:34 - loss: 2.1280 - acc: 0.2330
 202/8000 [..............................] - ETA: 48:30:55 - loss: 2.1271 - acc: 0.2328
 203/8000 [..............................] - ETA: 48:31:56 - loss: 2.1270 - acc: 0.2328
 204/8000 [..............................] - ETA: 48:33:08 - loss: 2.1267 - acc: 0.2329
 205/8000 [..............................] - ETA: 48:34:01 - loss: 2.1261 - acc: 0.2333
 206/8000 [..............................] - ETA: 48:35:22 - loss: 2.1269 - acc: 0.2329
 207/8000 [..............................] - ETA: 48:36:13 - loss: 2.1272 - acc: 0.2324
 208/8000 [..............................] - ETA: 48:37:40 - loss: 2.1257 - acc: 0.2327
 209/8000 [..............................] - ETA: 48:38:30 - loss: 2.1251 - acc: 0.2332
 210/8000 [..............................] - ETA: 48:39:34 - loss: 2.1248 - acc: 0.2337
 211/8000 [..............................] - ETA: 48:26:50 - loss: 2.1244 - acc: 0.2342
 212/8000 [..............................] - ETA: 48:14:12 - loss: 2.1246 - acc: 0.2339
 213/8000 [..............................] - ETA: 48:02:14 - loss: 2.1242 - acc: 0.2334
 214/8000 [..............................] - ETA: 47:51:12 - loss: 2.1236 - acc: 0.2337
 215/8000 [..............................] - ETA: 47:47:52 - loss: 2.1234 - acc: 0.2334
 216/8000 [..............................] - ETA: 47:48:49 - loss: 2.1237 - acc: 0.2327
 217/8000 [..............................] - ETA: 47:50:17 - loss: 2.1234 - acc: 0.2331
 218/8000 [..............................] - ETA: 47:51:28 - loss: 2.1233 - acc: 0.2330
 219/8000 [..............................] - ETA: 47:52:39 - loss: 2.1225 - acc: 0.2334
 220/8000 [..............................] - ETA: 47:54:06 - loss: 2.1225 - acc: 0.2339
 221/8000 [..............................] - ETA: 47:55:24 - loss: 2.1218 - acc: 0.2340
 222/8000 [..............................] - ETA: 47:56:47 - loss: 2.1211 - acc: 0.2339
 223/8000 [..............................] - ETA: 47:57:45 - loss: 2.1202 - acc: 0.2341
 224/8000 [..............................] - ETA: 47:58:43 - loss: 2.1200 - acc: 0.2346
 225/8000 [..............................] - ETA: 47:59:58 - loss: 2.1194 - acc: 0.2344
 226/8000 [..............................] - ETA: 48:01:11 - loss: 2.1184 - acc: 0.2354
 227/8000 [..............................] - ETA: 48:02:13 - loss: 2.1177 - acc: 0.2353
 228/8000 [..............................] - ETA: 48:03:05 - loss: 2.1174 - acc: 0.2354
 229/8000 [..............................] - ETA: 48:04:17 - loss: 2.1165 - acc: 0.2357
 230/8000 [..............................] - ETA: 48:04:56 - loss: 2.1158 - acc: 0.2365
 231/8000 [..............................] - ETA: 48:06:13 - loss: 2.1157 - acc: 0.2365
 232/8000 [..............................] - ETA: 48:07:21 - loss: 2.1145 - acc: 0.2370
 233/8000 [..............................] - ETA: 48:08:17 - loss: 2.1150 - acc: 0.2373
 234/8000 [..............................] - ETA: 48:09:08 - loss: 2.1146 - acc: 0.2370
 235/8000 [..............................] - ETA: 48:10:49 - loss: 2.1138 - acc: 0.2373
 236/8000 [..............................] - ETA: 48:11:44 - loss: 2.1138 - acc: 0.2371
 237/8000 [..............................] - ETA: 48:12:44 - loss: 2.1128 - acc: 0.2378
 238/8000 [..............................] - ETA: 48:13:44 - loss: 2.1132 - acc: 0.2375
 239/8000 [..............................] - ETA: 48:14:45 - loss: 2.1132 - acc: 0.2377
 240/8000 [..............................] - ETA: 48:15:40 - loss: 2.1121 - acc: 0.2376
 241/8000 [..............................] - ETA: 48:16:40 - loss: 2.1120 - acc: 0.2376
 242/8000 [..............................] - ETA: 48:17:23 - loss: 2.1111 - acc: 0.2375
 243/8000 [..............................] - ETA: 48:18:04 - loss: 2.1107 - acc: 0.2377
 244/8000 [..............................] - ETA: 48:18:55 - loss: 2.1119 - acc: 0.2370
 245/8000 [..............................] - ETA: 48:19:50 - loss: 2.1109 - acc: 0.2377
 246/8000 [..............................] - ETA: 48:20:53 - loss: 2.1106 - acc: 0.2379
 247/8000 [..............................] - ETA: 48:22:21 - loss: 2.1103 - acc: 0.2381
 248/8000 [..............................] - ETA: 48:23:07 - loss: 2.1102 - acc: 0.2382
 249/8000 [..............................] - ETA: 48:23:55 - loss: 2.1096 - acc: 0.2385
 250/8000 [..............................] - ETA: 48:24:26 - loss: 2.1103 - acc: 0.2382
 251/8000 [..............................] - ETA: 48:14:07 - loss: 2.1095 - acc: 0.2391
 252/8000 [..............................] - ETA: 48:03:28 - loss: 2.1088 - acc: 0.2393
 253/8000 [..............................] - ETA: 47:53:19 - loss: 2.1081 - acc: 0.2393
 254/8000 [..............................] - ETA: 47:43:50 - loss: 2.1070 - acc: 0.2395
 255/8000 [..............................] - ETA: 47:40:15 - loss: 2.1063 - acc: 0.2398
 256/8000 [..............................] - ETA: 47:41:02 - loss: 2.1061 - acc: 0.2401
 257/8000 [..............................] - ETA: 47:41:51 - loss: 2.1058 - acc: 0.2401
 258/8000 [..............................] - ETA: 47:42:39 - loss: 2.1067 - acc: 0.2397
 259/8000 [..............................] - ETA: 47:43:27 - loss: 2.1062 - acc: 0.2397
 260/8000 [..............................] - ETA: 47:44:26 - loss: 2.1072 - acc: 0.2397
 261/8000 [..............................] - ETA: 47:45:23 - loss: 2.1066 - acc: 0.2395
 262/8000 [..............................] - ETA: 47:46:26 - loss: 2.1061 - acc: 0.2397
 263/8000 [..............................] - ETA: 47:47:25 - loss: 2.1061 - acc: 0.2391
 264/8000 [..............................] - ETA: 47:49:37 - loss: 2.1051 - acc: 0.2393
 265/8000 [..............................] - ETA: 47:50:14 - loss: 2.1047 - acc: 0.2392
 266/8000 [..............................] - ETA: 47:51:10 - loss: 2.1038 - acc: 0.2394
 267/8000 [>.............................] - ETA: 47:52:06 - loss: 2.1035 - acc: 0.2392
 268/8000 [>.............................] - ETA: 47:52:57 - loss: 2.1032 - acc: 0.2393
 269/8000 [>.............................] - ETA: 47:53:53 - loss: 2.1029 - acc: 0.2398
 270/8000 [>.............................] - ETA: 47:54:34 - loss: 2.1033 - acc: 0.2395
 271/8000 [>.............................] - ETA: 47:55:41 - loss: 2.1025 - acc: 0.2398
 272/8000 [>.............................] - ETA: 47:56:28 - loss: 2.1011 - acc: 0.2404
 273/8000 [>.............................] - ETA: 47:57:15 - loss: 2.1001 - acc: 0.2409
 274/8000 [>.............................] - ETA: 47:58:05 - loss: 2.0994 - acc: 0.2411
 275/8000 [>.............................] - ETA: 47:59:40 - loss: 2.0993 - acc: 0.2407
 276/8000 [>.............................] - ETA: 48:00:38 - loss: 2.0990 - acc: 0.2408
 277/8000 [>.............................] - ETA: 48:01:24 - loss: 2.0985 - acc: 0.2410
 278/8000 [>.............................] - ETA: 48:01:59 - loss: 2.0982 - acc: 0.2410
 279/8000 [>.............................] - ETA: 48:02:53 - loss: 2.0984 - acc: 0.2411
 280/8000 [>.............................] - ETA: 48:03:37 - loss: 2.0979 - acc: 0.2411
 281/8000 [>.............................] - ETA: 48:04:35 - loss: 2.0975 - acc: 0.2413
 282/8000 [>.............................] - ETA: 48:05:11 - loss: 2.0968 - acc: 0.2414
 283/8000 [>.............................] - ETA: 48:05:59 - loss: 2.0967 - acc: 0.2416
 284/8000 [>.............................] - ETA: 48:06:35 - loss: 2.0959 - acc: 0.2420
 285/8000 [>.............................] - ETA: 48:07:27 - loss: 2.0961 - acc: 0.2422
 286/8000 [>.............................] - ETA: 48:08:08 - loss: 2.0952 - acc: 0.2426
 287/8000 [>.............................] - ETA: 48:09:24 - loss: 2.0954 - acc: 0.2421
 288/8000 [>.............................] - ETA: 48:10:15 - loss: 2.0948 - acc: 0.2432
 289/8000 [>.............................] - ETA: 48:10:42 - loss: 2.0943 - acc: 0.2431
 290/8000 [>.............................] - ETA: 48:10:12 - loss: 2.0933 - acc: 0.2433
 291/8000 [>.............................] - ETA: 48:00:57 - loss: 2.0928 - acc: 0.2438
 292/8000 [>.............................] - ETA: 47:51:46 - loss: 2.0922 - acc: 0.2440
 293/8000 [>.............................] - ETA: 47:43:06 - loss: 2.0919 - acc: 0.2442
 294/8000 [>.............................] - ETA: 47:35:08 - loss: 2.0911 - acc: 0.2444
 295/8000 [>.............................] - ETA: 47:33:33 - loss: 2.0909 - acc: 0.2448
 296/8000 [>.............................] - ETA: 47:34:07 - loss: 2.0916 - acc: 0.2449
 297/8000 [>.............................] - ETA: 47:35:12 - loss: 2.0917 - acc: 0.2448
 298/8000 [>.............................] - ETA: 47:35:40 - loss: 2.0914 - acc: 0.2449
 299/8000 [>.............................] - ETA: 47:36:35 - loss: 2.0917 - acc: 0.2451
 300/8000 [>.............................] - ETA: 47:37:26 - loss: 2.0906 - acc: 0.2457
 301/8000 [>.............................] - ETA: 47:37:59 - loss: 2.0905 - acc: 0.2461
 302/8000 [>.............................] - ETA: 47:38:39 - loss: 2.0896 - acc: 0.2462
 303/8000 [>.............................] - ETA: 47:39:55 - loss: 2.0893 - acc: 0.2463
 304/8000 [>.............................] - ETA: 47:40:49 - loss: 2.0898 - acc: 0.2460
 305/8000 [>.............................] - ETA: 47:41:45 - loss: 2.0895 - acc: 0.2461
 306/8000 [>.............................] - ETA: 47:42:18 - loss: 2.0888 - acc: 0.2461
 307/8000 [>.............................] - ETA: 47:43:15 - loss: 2.0881 - acc: 0.2467
 308/8000 [>.............................] - ETA: 47:43:56 - loss: 2.0881 - acc: 0.2464
 309/8000 [>.............................] - ETA: 47:44:39 - loss: 2.0874 - acc: 0.2470
 310/8000 [>.............................] - ETA: 47:45:13 - loss: 2.0868 - acc: 0.2471
 311/8000 [>.............................] - ETA: 47:45:59 - loss: 2.0870 - acc: 0.2470
 312/8000 [>.............................] - ETA: 47:46:24 - loss: 2.0868 - acc: 0.2477
 313/8000 [>.............................] - ETA: 47:47:15 - loss: 2.0862 - acc: 0.2478
 314/8000 [>.............................] - ETA: 47:47:52 - loss: 2.0855 - acc: 0.2479
 315/8000 [>.............................] - ETA: 47:45:58 - loss: 2.0846 - acc: 0.2485
 316/8000 [>.............................] - ETA: 47:47:00 - loss: 2.0836 - acc: 0.2485
 317/8000 [>.............................] - ETA: 47:47:34 - loss: 2.0832 - acc: 0.2488
 318/8000 [>.............................] - ETA: 47:48:14 - loss: 2.0829 - acc: 0.2489
 319/8000 [>.............................] - ETA: 47:48:51 - loss: 2.0823 - acc: 0.2494
 320/8000 [>.............................] - ETA: 47:49:45 - loss: 2.0823 - acc: 0.2498
 321/8000 [>.............................] - ETA: 47:50:25 - loss: 2.0816 - acc: 0.2497
 322/8000 [>.............................] - ETA: 47:51:00 - loss: 2.0813 - acc: 0.2498
 323/8000 [>.............................] - ETA: 47:51:36 - loss: 2.0814 - acc: 0.2497
 324/8000 [>.............................] - ETA: 47:52:22 - loss: 2.0813 - acc: 0.2495
 325/8000 [>.............................] - ETA: 47:52:55 - loss: 2.0806 - acc: 0.2499
 326/8000 [>.............................] - ETA: 47:53:28 - loss: 2.0800 - acc: 0.2501
 327/8000 [>.............................] - ETA: 47:54:39 - loss: 2.0798 - acc: 0.2501
 328/8000 [>.............................] - ETA: 47:55:14 - loss: 2.0787 - acc: 0.2503
 329/8000 [>.............................] - ETA: 47:55:53 - loss: 2.0787 - acc: 0.2501
 330/8000 [>.............................] - ETA: 47:55:20 - loss: 2.0784 - acc: 0.2503
 331/8000 [>.............................] - ETA: 47:47:12 - loss: 2.0776 - acc: 0.2509
 332/8000 [>.............................] - ETA: 47:39:07 - loss: 2.0772 - acc: 0.2511
 333/8000 [>.............................] - ETA: 47:31:30 - loss: 2.0771 - acc: 0.2513
 334/8000 [>.............................] - ETA: 47:24:28 - loss: 2.0763 - acc: 0.2516
 335/8000 [>.............................] - ETA: 47:23:12 - loss: 2.0756 - acc: 0.2521
 336/8000 [>.............................] - ETA: 47:23:56 - loss: 2.0748 - acc: 0.2520
 337/8000 [>.............................] - ETA: 47:24:28 - loss: 2.0746 - acc: 0.2520
 338/8000 [>.............................] - ETA: 47:25:14 - loss: 2.0735 - acc: 0.2526
 339/8000 [>.............................] - ETA: 47:25:56 - loss: 2.0733 - acc: 0.2527
 340/8000 [>.............................] - ETA: 47:26:37 - loss: 2.0734 - acc: 0.2524
 341/8000 [>.............................] - ETA: 47:27:16 - loss: 2.0729 - acc: 0.2527
 342/8000 [>.............................] - ETA: 47:27:48 - loss: 2.0730 - acc: 0.2529
 343/8000 [>.............................] - ETA: 47:29:00 - loss: 2.0722 - acc: 0.2532
 344/8000 [>.............................] - ETA: 47:29:47 - loss: 2.0715 - acc: 0.2536
 345/8000 [>.............................] - ETA: 47:30:16 - loss: 2.0711 - acc: 0.2541
 346/8000 [>.............................] - ETA: 47:30:53 - loss: 2.0712 - acc: 0.2538
 347/8000 [>.............................] - ETA: 47:31:37 - loss: 2.0704 - acc: 0.2535
 348/8000 [>.............................] - ETA: 47:32:12 - loss: 2.0692 - acc: 0.2539
 349/8000 [>.............................] - ETA: 47:32:40 - loss: 2.0687 - acc: 0.2542
 350/8000 [>.............................] - ETA: 47:33:18 - loss: 2.0690 - acc: 0.2543
 351/8000 [>.............................] - ETA: 47:33:47 - loss: 2.0686 - acc: 0.2544
 352/8000 [>.............................] - ETA: 47:34:18 - loss: 2.0679 - acc: 0.2546
 353/8000 [>.............................] - ETA: 47:34:57 - loss: 2.0677 - acc: 0.2546
 354/8000 [>.............................] - ETA: 47:35:32 - loss: 2.0673 - acc: 0.2551
 355/8000 [>.............................] - ETA: 47:36:44 - loss: 2.0664 - acc: 0.2553
 356/8000 [>.............................] - ETA: 47:37:07 - loss: 2.0664 - acc: 0.2551
 357/8000 [>.............................] - ETA: 47:37:42 - loss: 2.0658 - acc: 0.2556
 358/8000 [>.............................] - ETA: 47:38:10 - loss: 2.0653 - acc: 0.2557
 359/8000 [>.............................] - ETA: 47:38:49 - loss: 2.0650 - acc: 0.2557
 360/8000 [>.............................] - ETA: 47:39:19 - loss: 2.0646 - acc: 0.2559
 361/8000 [>.............................] - ETA: 47:39:49 - loss: 2.0643 - acc: 0.2566
 362/8000 [>.............................] - ETA: 47:40:11 - loss: 2.0636 - acc: 0.2573
 363/8000 [>.............................] - ETA: 47:40:30 - loss: 2.0626 - acc: 0.2575
 364/8000 [>.............................] - ETA: 47:41:03 - loss: 2.0623 - acc: 0.2579
 365/8000 [>.............................] - ETA: 47:41:35 - loss: 2.0624 - acc: 0.2577
 366/8000 [>.............................] - ETA: 47:41:57 - loss: 2.0620 - acc: 0.2581
 367/8000 [>.............................] - ETA: 47:42:57 - loss: 2.0620 - acc: 0.2583
 368/8000 [>.............................] - ETA: 47:43:35 - loss: 2.0620 - acc: 0.2581
 369/8000 [>.............................] - ETA: 47:44:10 - loss: 2.0621 - acc: 0.2584
 370/8000 [>.............................] - ETA: 47:40:45 - loss: 2.0617 - acc: 0.2587
 371/8000 [>.............................] - ETA: 47:33:29 - loss: 2.0610 - acc: 0.2591
 372/8000 [>.............................] - ETA: 47:26:21 - loss: 2.0611 - acc: 0.2594
 373/8000 [>.............................] - ETA: 47:19:32 - loss: 2.0610 - acc: 0.2593
 374/8000 [>.............................] - ETA: 47:13:53 - loss: 2.0605 - acc: 0.2594
 375/8000 [>.............................] - ETA: 47:14:14 - loss: 2.0602 - acc: 0.2590
 376/8000 [>.............................] - ETA: 47:14:43 - loss: 2.0592 - acc: 0.2593
 377/8000 [>.............................] - ETA: 47:15:25 - loss: 2.0590 - acc: 0.2595
 378/8000 [>.............................] - ETA: 47:15:51 - loss: 2.0586 - acc: 0.2596
 379/8000 [>.............................] - ETA: 47:16:30 - loss: 2.0583 - acc: 0.2599
 380/8000 [>.............................] - ETA: 47:16:56 - loss: 2.0578 - acc: 0.2603
 381/8000 [>.............................] - ETA: 47:17:31 - loss: 2.0575 - acc: 0.2605
 382/8000 [>.............................] - ETA: 47:17:50 - loss: 2.0572 - acc: 0.2606
 383/8000 [>.............................] - ETA: 47:18:48 - loss: 2.0570 - acc: 0.2609
 384/8000 [>.............................] - ETA: 47:19:15 - loss: 2.0574 - acc: 0.2609
 385/8000 [>.............................] - ETA: 47:19:55 - loss: 2.0567 - acc: 0.2612
 386/8000 [>.............................] - ETA: 47:20:18 - loss: 2.0566 - acc: 0.2612
 387/8000 [>.............................] - ETA: 47:20:45 - loss: 2.0560 - acc: 0.2617
 388/8000 [>.............................] - ETA: 47:21:09 - loss: 2.0556 - acc: 0.2620
 389/8000 [>.............................] - ETA: 47:21:34 - loss: 2.0554 - acc: 0.2623
 390/8000 [>.............................] - ETA: 47:22:00 - loss: 2.0551 - acc: 0.2622
 391/8000 [>.............................] - ETA: 47:22:29 - loss: 2.0544 - acc: 0.2626
 392/8000 [>.............................] - ETA: 47:22:52 - loss: 2.0542 - acc: 0.2628
 393/8000 [>.............................] - ETA: 47:23:13 - loss: 2.0542 - acc: 0.2627
 394/8000 [>.............................] - ETA: 47:23:26 - loss: 2.0543 - acc: 0.2623
 395/8000 [>.............................] - ETA: 47:24:33 - loss: 2.0543 - acc: 0.2623
 396/8000 [>.............................] - ETA: 47:24:50 - loss: 2.0538 - acc: 0.2623
 397/8000 [>.............................] - ETA: 47:25:07 - loss: 2.0535 - acc: 0.2624
 398/8000 [>.............................] - ETA: 47:25:22 - loss: 2.0537 - acc: 0.2623
 399/8000 [>.............................] - ETA: 47:25:48 - loss: 2.0532 - acc: 0.2626
 400/8000 [>.............................] - ETA: 47:26:00 - loss: 2.0535 - acc: 0.2626
 401/8000 [>.............................] - ETA: 47:26:24 - loss: 2.0533 - acc: 0.2629
 402/8000 [>.............................] - ETA: 47:26:47 - loss: 2.0527 - acc: 0.2630
 403/8000 [>.............................] - ETA: 47:27:04 - loss: 2.0524 - acc: 0.2631
 404/8000 [>.............................] - ETA: 47:27:23 - loss: 2.0522 - acc: 0.2632
 405/8000 [>.............................] - ETA: 47:27:41 - loss: 2.0516 - acc: 0.2636
 406/8000 [>.............................] - ETA: 47:27:55 - loss: 2.0514 - acc: 0.2639
 407/8000 [>.............................] - ETA: 47:28:25 - loss: 2.0511 - acc: 0.2638
 408/8000 [>.............................] - ETA: 47:28:46 - loss: 2.0507 - acc: 0.2637
 409/8000 [>.............................] - ETA: 47:29:05 - loss: 2.0506 - acc: 0.2637
 410/8000 [>.............................] - ETA: 47:25:51 - loss: 2.0503 - acc: 0.2638
 411/8000 [>.............................] - ETA: 47:19:17 - loss: 2.0509 - acc: 0.2640
 412/8000 [>.............................] - ETA: 47:12:52 - loss: 2.0506 - acc: 0.2641
 413/8000 [>.............................] - ETA: 47:06:41 - loss: 2.0509 - acc: 0.2641
 414/8000 [>.............................] - ETA: 47:01:48 - loss: 2.0506 - acc: 0.2641
 415/8000 [>.............................] - ETA: 47:01:56 - loss: 2.0499 - acc: 0.2641
 416/8000 [>.............................] - ETA: 47:02:26 - loss: 2.0498 - acc: 0.2641
 417/8000 [>.............................] - ETA: 47:02:49 - loss: 2.0498 - acc: 0.2640
 418/8000 [>.............................] - ETA: 47:03:07 - loss: 2.0490 - acc: 0.2642
 419/8000 [>.............................] - ETA: 47:03:44 - loss: 2.0490 - acc: 0.2640
 420/8000 [>.............................] - ETA: 47:03:58 - loss: 2.0493 - acc: 0.2643
 421/8000 [>.............................] - ETA: 47:04:28 - loss: 2.0489 - acc: 0.2643
 422/8000 [>.............................] - ETA: 47:04:48 - loss: 2.0484 - acc: 0.2640
 423/8000 [>.............................] - ETA: 47:06:23 - loss: 2.0484 - acc: 0.2639
 424/8000 [>.............................] - ETA: 47:06:33 - loss: 2.0486 - acc: 0.2643
 425/8000 [>.............................] - ETA: 47:07:01 - loss: 2.0484 - acc: 0.2644
 426/8000 [>.............................] - ETA: 47:07:23 - loss: 2.0484 - acc: 0.2644
 427/8000 [>.............................] - ETA: 47:07:39 - loss: 2.0481 - acc: 0.2646
 428/8000 [>.............................] - ETA: 47:07:56 - loss: 2.0475 - acc: 0.2646
 429/8000 [>.............................] - ETA: 47:08:16 - loss: 2.0477 - acc: 0.2644
 430/8000 [>.............................] - ETA: 47:08:36 - loss: 2.0484 - acc: 0.2641
 431/8000 [>.............................] - ETA: 47:09:05 - loss: 2.0477 - acc: 0.2640
 432/8000 [>.............................] - ETA: 47:09:31 - loss: 2.0476 - acc: 0.2639
 433/8000 [>.............................] - ETA: 47:09:53 - loss: 2.0473 - acc: 0.2637
 434/8000 [>.............................] - ETA: 47:10:10 - loss: 2.0473 - acc: 0.2635
 435/8000 [>.............................] - ETA: 47:10:50 - loss: 2.0470 - acc: 0.2638
 436/8000 [>.............................] - ETA: 47:11:05 - loss: 2.0466 - acc: 0.2637
 437/8000 [>.............................] - ETA: 47:11:25 - loss: 2.0459 - acc: 0.2641
 438/8000 [>.............................] - ETA: 47:11:47 - loss: 2.0455 - acc: 0.2642
 439/8000 [>.............................] - ETA: 47:12:02 - loss: 2.0453 - acc: 0.2638
 440/8000 [>.............................] - ETA: 47:12:16 - loss: 2.0448 - acc: 0.2639
 441/8000 [>.............................] - ETA: 47:12:33 - loss: 2.0442 - acc: 0.2640
 442/8000 [>.............................] - ETA: 47:12:56 - loss: 2.0445 - acc: 0.2640
 443/8000 [>.............................] - ETA: 47:13:06 - loss: 2.0447 - acc: 0.2641
 444/8000 [>.............................] - ETA: 47:13:25 - loss: 2.0442 - acc: 0.2641
 445/8000 [>.............................] - ETA: 47:13:44 - loss: 2.0442 - acc: 0.2643
 446/8000 [>.............................] - ETA: 47:14:04 - loss: 2.0437 - acc: 0.2643
 447/8000 [>.............................] - ETA: 47:14:28 - loss: 2.0433 - acc: 0.2646
 448/8000 [>.............................] - ETA: 47:14:47 - loss: 2.0429 - acc: 0.2645
 449/8000 [>.............................] - ETA: 47:15:09 - loss: 2.0423 - acc: 0.2644
 450/8000 [>.............................] - ETA: 47:11:01 - loss: 2.0417 - acc: 0.2643
 451/8000 [>.............................] - ETA: 47:05:02 - loss: 2.0412 - acc: 0.2642
 452/8000 [>.............................] - ETA: 46:59:14 - loss: 2.0410 - acc: 0.2646
 453/8000 [>.............................] - ETA: 46:53:43 - loss: 2.0418 - acc: 0.2646
 454/8000 [>.............................] - ETA: 46:50:20 - loss: 2.0410 - acc: 0.2650
 455/8000 [>.............................] - ETA: 46:50:37 - loss: 2.0404 - acc: 0.2653
 456/8000 [>.............................] - ETA: 46:50:48 - loss: 2.0399 - acc: 0.2654
 457/8000 [>.............................] - ETA: 46:51:10 - loss: 2.0395 - acc: 0.2653
 458/8000 [>.............................] - ETA: 46:51:16 - loss: 2.0392 - acc: 0.2659
 459/8000 [>.............................] - ETA: 46:51:33 - loss: 2.0390 - acc: 0.2658
 460/8000 [>.............................] - ETA: 46:51:52 - loss: 2.0391 - acc: 0.2659
 461/8000 [>.............................] - ETA: 46:52:06 - loss: 2.0394 - acc: 0.2659
 462/8000 [>.............................] - ETA: 46:52:30 - loss: 2.0389 - acc: 0.2660
 463/8000 [>.............................] - ETA: 46:53:10 - loss: 2.0391 - acc: 0.2662
 464/8000 [>.............................] - ETA: 46:53:21 - loss: 2.0386 - acc: 0.2663
 465/8000 [>.............................] - ETA: 46:53:41 - loss: 2.0384 - acc: 0.2663
 466/8000 [>.............................] - ETA: 46:53:56 - loss: 2.0387 - acc: 0.2662
 467/8000 [>.............................] - ETA: 46:54:23 - loss: 2.0380 - acc: 0.2664
 468/8000 [>.............................] - ETA: 46:54:34 - loss: 2.0377 - acc: 0.2666
 469/8000 [>.............................] - ETA: 46:54:53 - loss: 2.0382 - acc: 0.2664
 470/8000 [>.............................] - ETA: 46:55:14 - loss: 2.0378 - acc: 0.2666
 471/8000 [>.............................] - ETA: 46:55:28 - loss: 2.0375 - acc: 0.2671
 472/8000 [>.............................] - ETA: 46:55:45 - loss: 2.0373 - acc: 0.2673
 473/8000 [>.............................] - ETA: 46:56:01 - loss: 2.0368 - acc: 0.2676
 474/8000 [>.............................] - ETA: 46:56:22 - loss: 2.0365 - acc: 0.2680
 475/8000 [>.............................] - ETA: 46:56:52 - loss: 2.0363 - acc: 0.2679
 476/8000 [>.............................] - ETA: 46:57:03 - loss: 2.0361 - acc: 0.2678
 477/8000 [>.............................] - ETA: 46:57:25 - loss: 2.0356 - acc: 0.2682
 478/8000 [>.............................] - ETA: 46:57:33 - loss: 2.0350 - acc: 0.2685
 479/8000 [>.............................] - ETA: 46:57:49 - loss: 2.0348 - acc: 0.2682
 480/8000 [>.............................] - ETA: 46:58:04 - loss: 2.0348 - acc: 0.2681
 481/8000 [>.............................] - ETA: 46:58:17 - loss: 2.0345 - acc: 0.2681
 482/8000 [>.............................] - ETA: 46:58:32 - loss: 2.0343 - acc: 0.2682
 483/8000 [>.............................] - ETA: 46:58:44 - loss: 2.0341 - acc: 0.2685
 484/8000 [>.............................] - ETA: 46:59:09 - loss: 2.0338 - acc: 0.2686
 485/8000 [>.............................] - ETA: 46:59:11 - loss: 2.0336 - acc: 0.2686
 486/8000 [>.............................] - ETA: 46:59:30 - loss: 2.0330 - acc: 0.2687
 487/8000 [>.............................] - ETA: 46:59:44 - loss: 2.0324 - acc: 0.2692
 488/8000 [>.............................] - ETA: 46:59:55 - loss: 2.0319 - acc: 0.2690
 489/8000 [>.............................] - ETA: 47:00:12 - loss: 2.0315 - acc: 0.2693
 490/8000 [>.............................] - ETA: 46:56:05 - loss: 2.0311 - acc: 0.2694
 491/8000 [>.............................] - ETA: 46:50:34 - loss: 2.0312 - acc: 0.2694
 492/8000 [>.............................] - ETA: 46:45:15 - loss: 2.0309 - acc: 0.2697
 493/8000 [>.............................] - ETA: 46:40:09 - loss: 2.0307 - acc: 0.2697
 494/8000 [>.............................] - ETA: 46:37:21 - loss: 2.0302 - acc: 0.2699
 495/8000 [>.............................] - ETA: 46:37:26 - loss: 2.0300 - acc: 0.2697
 496/8000 [>.............................] - ETA: 46:37:36 - loss: 2.0297 - acc: 0.2695
 497/8000 [>.............................] - ETA: 46:37:53 - loss: 2.0298 - acc: 0.2696
 498/8000 [>.............................] - ETA: 46:38:10 - loss: 2.0297 - acc: 0.2697
 499/8000 [>.............................] - ETA: 46:38:20 - loss: 2.0297 - acc: 0.2695
 500/8000 [>.............................] - ETA: 46:38:36 - loss: 2.0293 - acc: 0.2697
 501/8000 [>.............................] - ETA: 46:38:47 - loss: 2.0289 - acc: 0.2698
 502/8000 [>.............................] - ETA: 46:39:03 - loss: 2.0286 - acc: 0.2699
 503/8000 [>.............................] - ETA: 46:39:16 - loss: 2.0286 - acc: 0.2700
 504/8000 [>.............................] - ETA: 46:39:28 - loss: 2.0284 - acc: 0.2702
 505/8000 [>.............................] - ETA: 46:39:44 - loss: 2.0280 - acc: 0.2702
 506/8000 [>.............................] - ETA: 46:40:00 - loss: 2.0279 - acc: 0.2702
 507/8000 [>.............................] - ETA: 46:40:13 - loss: 2.0279 - acc: 0.2703
 508/8000 [>.............................] - ETA: 46:40:31 - loss: 2.0278 - acc: 0.2703
 509/8000 [>.............................] - ETA: 46:40:44 - loss: 2.0275 - acc: 0.2704
 510/8000 [>.............................] - ETA: 46:40:51 - loss: 2.0276 - acc: 0.2702
 511/8000 [>.............................] - ETA: 46:41:05 - loss: 2.0276 - acc: 0.2700
 512/8000 [>.............................] - ETA: 46:41:14 - loss: 2.0271 - acc: 0.2701
 513/8000 [>.............................] - ETA: 46:41:34 - loss: 2.0267 - acc: 0.2699
 514/8000 [>.............................] - ETA: 46:41:48 - loss: 2.0266 - acc: 0.2700
 515/8000 [>.............................] - ETA: 46:42:18 - loss: 2.0267 - acc: 0.2701
 516/8000 [>.............................] - ETA: 46:42:32 - loss: 2.0263 - acc: 0.2702
 517/8000 [>.............................] - ETA: 46:42:43 - loss: 2.0257 - acc: 0.2702
 518/8000 [>.............................] - ETA: 46:42:52 - loss: 2.0256 - acc: 0.2705
 519/8000 [>.............................] - ETA: 46:43:06 - loss: 2.0252 - acc: 0.2706
 520/8000 [>.............................] - ETA: 46:43:15 - loss: 2.0247 - acc: 0.2709
 521/8000 [>.............................] - ETA: 46:43:37 - loss: 2.0244 - acc: 0.2708
 522/8000 [>.............................] - ETA: 46:43:41 - loss: 2.0244 - acc: 0.2709
 523/8000 [>.............................] - ETA: 46:43:49 - loss: 2.0247 - acc: 0.2710
 524/8000 [>.............................] - ETA: 46:44:03 - loss: 2.0245 - acc: 0.2708
 525/8000 [>.............................] - ETA: 46:44:15 - loss: 2.0240 - acc: 0.2712
 526/8000 [>.............................] - ETA: 46:44:26 - loss: 2.0241 - acc: 0.2712
 527/8000 [>.............................] - ETA: 46:44:35 - loss: 2.0239 - acc: 0.2711
 528/8000 [>.............................] - ETA: 46:44:47 - loss: 2.0236 - acc: 0.2711
 529/8000 [>.............................] - ETA: 46:45:03 - loss: 2.0233 - acc: 0.2711
 530/8000 [>.............................] - ETA: 46:41:08 - loss: 2.0232 - acc: 0.2713
 531/8000 [>.............................] - ETA: 46:36:02 - loss: 2.0233 - acc: 0.2714
 532/8000 [>.............................] - ETA: 46:31:07 - loss: 2.0232 - acc: 0.2715
 533/8000 [>.............................] - ETA: 46:26:26 - loss: 2.0227 - acc: 0.2717
 534/8000 [=>............................] - ETA: 46:24:00 - loss: 2.0223 - acc: 0.2720
 535/8000 [=>............................] - ETA: 46:24:08 - loss: 2.0222 - acc: 0.2721
 536/8000 [=>............................] - ETA: 46:24:22 - loss: 2.0217 - acc: 0.2720
 537/8000 [=>............................] - ETA: 46:24:28 - loss: 2.0215 - acc: 0.2721
 538/8000 [=>............................] - ETA: 46:24:44 - loss: 2.0213 - acc: 0.2722
 539/8000 [=>............................] - ETA: 46:25:02 - loss: 2.0210 - acc: 0.2725
 540/8000 [=>............................] - ETA: 46:25:10 - loss: 2.0207 - acc: 0.2728
 541/8000 [=>............................] - ETA: 46:25:22 - loss: 2.0203 - acc: 0.2728
 542/8000 [=>............................] - ETA: 46:25:48 - loss: 2.0197 - acc: 0.2729
 543/8000 [=>............................] - ETA: 46:26:03 - loss: 2.0193 - acc: 0.2730
 544/8000 [=>............................] - ETA: 46:26:17 - loss: 2.0192 - acc: 0.2727
 545/8000 [=>............................] - ETA: 46:26:24 - loss: 2.0188 - acc: 0.2726
 546/8000 [=>............................] - ETA: 46:26:41 - loss: 2.0190 - acc: 0.2727
 547/8000 [=>............................] - ETA: 46:26:50 - loss: 2.0187 - acc: 0.2730
 548/8000 [=>............................] - ETA: 46:26:57 - loss: 2.0182 - acc: 0.2731
 549/8000 [=>............................] - ETA: 46:27:11 - loss: 2.0182 - acc: 0.2732
 550/8000 [=>............................] - ETA: 46:27:24 - loss: 2.0177 - acc: 0.2734
 551/8000 [=>............................] - ETA: 46:27:36 - loss: 2.0173 - acc: 0.2735
 552/8000 [=>............................] - ETA: 46:27:44 - loss: 2.0170 - acc: 0.2737
 553/8000 [=>............................] - ETA: 46:27:56 - loss: 2.0168 - acc: 0.2738
 554/8000 [=>............................] - ETA: 46:28:07 - loss: 2.0166 - acc: 0.2738
 555/8000 [=>............................] - ETA: 46:28:28 - loss: 2.0168 - acc: 0.2734
 556/8000 [=>............................] - ETA: 46:28:32 - loss: 2.0159 - acc: 0.2735
 557/8000 [=>............................] - ETA: 46:28:47 - loss: 2.0157 - acc: 0.2737
 558/8000 [=>............................] - ETA: 46:27:17 - loss: 2.0154 - acc: 0.2739
 559/8000 [=>............................] - ETA: 46:27:32 - loss: 2.0153 - acc: 0.2742
 560/8000 [=>............................] - ETA: 46:27:43 - loss: 2.0152 - acc: 0.2741
 561/8000 [=>............................] - ETA: 46:27:56 - loss: 2.0151 - acc: 0.2741
 562/8000 [=>............................] - ETA: 46:28:07 - loss: 2.0153 - acc: 0.2741
 563/8000 [=>............................] - ETA: 46:28:19 - loss: 2.0155 - acc: 0.2744
 564/8000 [=>............................] - ETA: 46:28:31 - loss: 2.0155 - acc: 0.2745
 565/8000 [=>............................] - ETA: 46:28:41 - loss: 2.0150 - acc: 0.2746
 566/8000 [=>............................] - ETA: 46:28:46 - loss: 2.0150 - acc: 0.2747
 567/8000 [=>............................] - ETA: 46:29:14 - loss: 2.0149 - acc: 0.2747
 568/8000 [=>............................] - ETA: 46:29:25 - loss: 2.0148 - acc: 0.2748
 569/8000 [=>............................] - ETA: 46:29:43 - loss: 2.0144 - acc: 0.2749
 570/8000 [=>............................] - ETA: 46:26:20 - loss: 2.0149 - acc: 0.2748
 571/8000 [=>............................] - ETA: 46:21:46 - loss: 2.0153 - acc: 0.2747
 572/8000 [=>............................] - ETA: 46:17:24 - loss: 2.0153 - acc: 0.2749
 573/8000 [=>............................] - ETA: 46:15:40 - loss: 2.0155 - acc: 0.2750
 574/8000 [=>............................] - ETA: 46:18:04 - loss: 2.0152 - acc: 0.2748
 575/8000 [=>............................] - ETA: 46:18:11 - loss: 2.0148 - acc: 0.2751
 576/8000 [=>............................] - ETA: 46:18:31 - loss: 2.0146 - acc: 0.2748
 577/8000 [=>............................] - ETA: 46:18:44 - loss: 2.0140 - acc: 0.2749
 578/8000 [=>............................] - ETA: 46:18:54 - loss: 2.0138 - acc: 0.2748
 579/8000 [=>............................] - ETA: 46:19:03 - loss: 2.0136 - acc: 0.2747
 580/8000 [=>............................] - ETA: 46:19:08 - loss: 2.0135 - acc: 0.2745
 581/8000 [=>............................] - ETA: 46:20:21 - loss: 2.0131 - acc: 0.2745
 582/8000 [=>............................] - ETA: 46:20:31 - loss: 2.0131 - acc: 0.2743
 583/8000 [=>............................] - ETA: 46:20:40 - loss: 2.0131 - acc: 0.2742
 584/8000 [=>............................] - ETA: 46:20:52 - loss: 2.0134 - acc: 0.2745
 585/8000 [=>............................] - ETA: 46:20:59 - loss: 2.0137 - acc: 0.2745
 586/8000 [=>............................] - ETA: 46:21:14 - loss: 2.0135 - acc: 0.2747
 587/8000 [=>............................] - ETA: 46:21:34 - loss: 2.0134 - acc: 0.2750
 588/8000 [=>............................] - ETA: 46:21:37 - loss: 2.0132 - acc: 0.2751
 589/8000 [=>............................] - ETA: 46:21:48 - loss: 2.0127 - acc: 0.2751
 590/8000 [=>............................] - ETA: 46:21:54 - loss: 2.0124 - acc: 0.2755
 591/8000 [=>............................] - ETA: 46:21:57 - loss: 2.0123 - acc: 0.2758
 592/8000 [=>............................] - ETA: 46:22:05 - loss: 2.0126 - acc: 0.2757
 593/8000 [=>............................] - ETA: 46:22:28 - loss: 2.0129 - acc: 0.2757
 594/8000 [=>............................] - ETA: 46:22:34 - loss: 2.0130 - acc: 0.2757
 595/8000 [=>............................] - ETA: 46:22:49 - loss: 2.0128 - acc: 0.2757
 596/8000 [=>............................] - ETA: 46:22:59 - loss: 2.0126 - acc: 0.2758
 597/8000 [=>............................] - ETA: 46:23:03 - loss: 2.0126 - acc: 0.2759
 598/8000 [=>............................] - ETA: 46:23:11 - loss: 2.0121 - acc: 0.2760
 599/8000 [=>............................] - ETA: 46:23:25 - loss: 2.0118 - acc: 0.2759
 600/8000 [=>............................] - ETA: 46:24:38 - loss: 2.0116 - acc: 0.2758
 601/8000 [=>............................] - ETA: 46:26:18 - loss: 2.0114 - acc: 0.2758
 602/8000 [=>............................] - ETA: 46:26:34 - loss: 2.0113 - acc: 0.2760
 603/8000 [=>............................] - ETA: 46:26:45 - loss: 2.0113 - acc: 0.2761
 604/8000 [=>............................] - ETA: 46:27:10 - loss: 2.0110 - acc: 0.2761
 605/8000 [=>............................] - ETA: 46:27:17 - loss: 2.0105 - acc: 0.2761
 606/8000 [=>............................] - ETA: 46:27:24 - loss: 2.0106 - acc: 0.2762
 607/8000 [=>............................] - ETA: 46:25:47 - loss: 2.0102 - acc: 0.2764
 608/8000 [=>............................] - ETA: 46:21:19 - loss: 2.0100 - acc: 0.2763
 609/8000 [=>............................] - ETA: 46:16:54 - loss: 2.0097 - acc: 0.2763
 610/8000 [=>............................] - ETA: 46:12:40 - loss: 2.0101 - acc: 0.2763
 611/8000 [=>............................] - ETA: 46:08:53 - loss: 2.0101 - acc: 0.2761
 612/8000 [=>............................] - ETA: 46:08:50 - loss: 2.0106 - acc: 0.2759
 613/8000 [=>............................] - ETA: 46:08:55 - loss: 2.0103 - acc: 0.2759
 614/8000 [=>............................] - ETA: 46:08:56 - loss: 2.0101 - acc: 0.2761
 615/8000 [=>............................] - ETA: 46:09:09 - loss: 2.0102 - acc: 0.2761
 616/8000 [=>............................] - ETA: 46:09:16 - loss: 2.0098 - acc: 0.2763
 617/8000 [=>............................] - ETA: 46:09:23 - loss: 2.0099 - acc: 0.2762
 618/8000 [=>............................] - ETA: 46:09:30 - loss: 2.0093 - acc: 0.2766
 619/8000 [=>............................] - ETA: 46:09:29 - loss: 2.0087 - acc: 0.2766
 620/8000 [=>............................] - ETA: 46:10:01 - loss: 2.0086 - acc: 0.2766
 621/8000 [=>............................] - ETA: 46:09:58 - loss: 2.0088 - acc: 0.2765
 622/8000 [=>............................] - ETA: 46:10:05 - loss: 2.0085 - acc: 0.2765
 623/8000 [=>............................] - ETA: 46:10:12 - loss: 2.0085 - acc: 0.2767
 624/8000 [=>............................] - ETA: 46:10:13 - loss: 2.0085 - acc: 0.2768
 625/8000 [=>............................] - ETA: 46:10:19 - loss: 2.0081 - acc: 0.2770
 626/8000 [=>............................] - ETA: 46:10:25 - loss: 2.0078 - acc: 0.2769
 627/8000 [=>............................] - ETA: 46:10:25 - loss: 2.0077 - acc: 0.2771
 628/8000 [=>............................] - ETA: 46:10:40 - loss: 2.0073 - acc: 0.2774
 629/8000 [=>............................] - ETA: 46:10:45 - loss: 2.0071 - acc: 0.2777
 630/8000 [=>............................] - ETA: 46:10:46 - loss: 2.0066 - acc: 0.2778
 631/8000 [=>............................] - ETA: 46:10:50 - loss: 2.0062 - acc: 0.2780
 632/8000 [=>............................] - ETA: 46:11:00 - loss: 2.0060 - acc: 0.2782
 633/8000 [=>............................] - ETA: 46:11:07 - loss: 2.0060 - acc: 0.2782
 634/8000 [=>............................] - ETA: 46:11:08 - loss: 2.0056 - acc: 0.2781
 635/8000 [=>............................] - ETA: 46:11:15 - loss: 2.0056 - acc: 0.2783
 636/8000 [=>............................] - ETA: 46:11:20 - loss: 2.0056 - acc: 0.2784
 637/8000 [=>............................] - ETA: 46:11:23 - loss: 2.0058 - acc: 0.2784
 638/8000 [=>............................] - ETA: 46:11:30 - loss: 2.0054 - acc: 0.2783
 639/8000 [=>............................] - ETA: 46:11:32 - loss: 2.0054 - acc: 0.2785
 640/8000 [=>............................] - ETA: 46:11:39 - loss: 2.0054 - acc: 0.2786
 641/8000 [=>............................] - ETA: 46:11:45 - loss: 2.0054 - acc: 0.2788
 642/8000 [=>............................] - ETA: 46:11:47 - loss: 2.0050 - acc: 0.2789
 643/8000 [=>............................] - ETA: 46:11:50 - loss: 2.0050 - acc: 0.2788
 644/8000 [=>............................] - ETA: 46:12:06 - loss: 2.0048 - acc: 0.2788
 645/8000 [=>............................] - ETA: 46:12:06 - loss: 2.0046 - acc: 0.2790
 646/8000 [=>............................] - ETA: 46:12:21 - loss: 2.0051 - acc: 0.2791
 647/8000 [=>............................] - ETA: 46:09:58 - loss: 2.0052 - acc: 0.2791
 648/8000 [=>............................] - ETA: 46:05:46 - loss: 2.0051 - acc: 0.2791
 649/8000 [=>............................] - ETA: 46:01:40 - loss: 2.0047 - acc: 0.2791
 650/8000 [=>............................] - ETA: 45:57:40 - loss: 2.0048 - acc: 0.2793
 651/8000 [=>............................] - ETA: 45:54:36 - loss: 2.0044 - acc: 0.2792
 652/8000 [=>............................] - ETA: 45:54:41 - loss: 2.0041 - acc: 0.2791
 653/8000 [=>............................] - ETA: 45:54:48 - loss: 2.0043 - acc: 0.2791
 654/8000 [=>............................] - ETA: 45:54:54 - loss: 2.0040 - acc: 0.2794
 655/8000 [=>............................] - ETA: 45:54:59 - loss: 2.0040 - acc: 0.2795
 656/8000 [=>............................] - ETA: 45:55:01 - loss: 2.0041 - acc: 0.2794
 657/8000 [=>............................] - ETA: 45:55:00 - loss: 2.0041 - acc: 0.2793
 658/8000 [=>............................] - ETA: 45:55:06 - loss: 2.0040 - acc: 0.2795
 659/8000 [=>............................] - ETA: 45:55:12 - loss: 2.0036 - acc: 0.2795
 660/8000 [=>............................] - ETA: 45:55:24 - loss: 2.0033 - acc: 0.2797
 661/8000 [=>............................] - ETA: 45:55:26 - loss: 2.0035 - acc: 0.2799
 662/8000 [=>............................] - ETA: 45:55:33 - loss: 2.0032 - acc: 0.2800
 663/8000 [=>............................] - ETA: 45:55:38 - loss: 2.0031 - acc: 0.2800
 664/8000 [=>............................] - ETA: 45:55:38 - loss: 2.0029 - acc: 0.2800
 665/8000 [=>............................] - ETA: 45:55:37 - loss: 2.0027 - acc: 0.2800
 666/8000 [=>............................] - ETA: 45:55:37 - loss: 2.0022 - acc: 0.2802
 667/8000 [=>............................] - ETA: 45:55:38 - loss: 2.0021 - acc: 0.2802
 668/8000 [=>............................] - ETA: 45:55:40 - loss: 2.0018 - acc: 0.2804
 669/8000 [=>............................] - ETA: 45:55:40 - loss: 2.0016 - acc: 0.2805
 670/8000 [=>............................] - ETA: 45:55:50 - loss: 2.0015 - acc: 0.2805
 671/8000 [=>............................] - ETA: 45:55:50 - loss: 2.0011 - acc: 0.2806
 672/8000 [=>............................] - ETA: 45:55:59 - loss: 2.0009 - acc: 0.2806
 673/8000 [=>............................] - ETA: 45:56:00 - loss: 2.0007 - acc: 0.2806
 674/8000 [=>............................] - ETA: 45:56:06 - loss: 2.0002 - acc: 0.2806
 675/8000 [=>............................] - ETA: 45:56:03 - loss: 2.0002 - acc: 0.2805
 676/8000 [=>............................] - ETA: 45:56:02 - loss: 1.9999 - acc: 0.2805
 677/8000 [=>............................] - ETA: 45:56:02 - loss: 2.0002 - acc: 0.2804
 678/8000 [=>............................] - ETA: 45:56:07 - loss: 2.0003 - acc: 0.2803
 679/8000 [=>............................] - ETA: 45:56:06 - loss: 2.0004 - acc: 0.2802
 680/8000 [=>............................] - ETA: 45:56:07 - loss: 2.0001 - acc: 0.2802
 681/8000 [=>............................] - ETA: 45:56:06 - loss: 1.9998 - acc: 0.2801
 682/8000 [=>............................] - ETA: 45:56:10 - loss: 1.9996 - acc: 0.2802
 683/8000 [=>............................] - ETA: 45:56:07 - loss: 1.9993 - acc: 0.2803
 684/8000 [=>............................] - ETA: 45:56:44 - loss: 1.9989 - acc: 0.2804
 685/8000 [=>............................] - ETA: 45:56:42 - loss: 1.9991 - acc: 0.2804
 686/8000 [=>............................] - ETA: 45:56:46 - loss: 1.9990 - acc: 0.2803
 687/8000 [=>............................] - ETA: 45:54:14 - loss: 1.9987 - acc: 0.2804
 688/8000 [=>............................] - ETA: 45:50:16 - loss: 1.9987 - acc: 0.2803
 689/8000 [=>............................] - ETA: 45:46:24 - loss: 1.9985 - acc: 0.2803
 690/8000 [=>............................] - ETA: 45:42:42 - loss: 1.9981 - acc: 0.2803
 691/8000 [=>............................] - ETA: 45:40:16 - loss: 1.9978 - acc: 0.2805
 692/8000 [=>............................] - ETA: 45:40:15 - loss: 1.9974 - acc: 0.2806
 693/8000 [=>............................] - ETA: 45:40:13 - loss: 1.9969 - acc: 0.2806
 694/8000 [=>............................] - ETA: 45:40:16 - loss: 1.9968 - acc: 0.2806
 695/8000 [=>............................] - ETA: 45:40:17 - loss: 1.9965 - acc: 0.2807
 696/8000 [=>............................] - ETA: 45:40:20 - loss: 1.9959 - acc: 0.2807
 697/8000 [=>............................] - ETA: 45:41:14 - loss: 1.9956 - acc: 0.2807
 698/8000 [=>............................] - ETA: 45:42:45 - loss: 1.9957 - acc: 0.2808
 699/8000 [=>............................] - ETA: 45:43:19 - loss: 1.9954 - acc: 0.2811
 700/8000 [=>............................] - ETA: 45:44:32 - loss: 1.9953 - acc: 0.2814
 701/8000 [=>............................] - ETA: 45:44:36 - loss: 1.9950 - acc: 0.2815
 702/8000 [=>............................] - ETA: 45:44:39 - loss: 1.9950 - acc: 0.2816
 703/8000 [=>............................] - ETA: 45:44:36 - loss: 1.9948 - acc: 0.2818
 704/8000 [=>............................] - ETA: 45:44:40 - loss: 1.9944 - acc: 0.2817
 705/8000 [=>............................] - ETA: 45:44:45 - loss: 1.9951 - acc: 0.2817
 706/8000 [=>............................] - ETA: 45:44:57 - loss: 1.9947 - acc: 0.2820